Arguments: 
  /opt/homebrew/Cellar/node/15.11.0/bin/node /opt/homebrew/bin/yarn

PATH: 
  /Users/daniel/anaconda3/bin:/usr/local/bin:/opt/homebrew/bin:/usr/local/bin:/usr/bin:/bin:/usr/sbin:/sbin:/Library/Apple/usr/bin:/Users/daniel/Codes/marmot/marmot_contract/node_modules/.bin

Yarn version: 
  1.22.10

Node version: 
  15.11.0

Platform: 
  darwin arm64

Trace: 
  Error: https://github.com/web3-js/WebSocket-Node: ESOCKETTIMEDOUT
      at ClientRequest.<anonymous> (/opt/homebrew/lib/node_modules/yarn/lib/cli.js:141289:19)
      at Object.onceWrapper (node:events:484:28)
      at ClientRequest.emit (node:events:378:20)
      at TLSSocket.emitRequestTimeout (node:_http_client:780:9)
      at Object.onceWrapper (node:events:484:28)
      at TLSSocket.emit (node:events:390:22)
      at TLSSocket.Socket._onTimeout (node:net:480:8)
      at listOnTimeout (node:internal/timers:557:17)
      at processTimers (node:internal/timers:500:7)

npm manifest: 
  {
    "name": "para",
    "version": "1.0.0",
    "description": "parapara",
    "main": "index.js",
    "author": "parapara_dev",
    "license": "Apache-2.0",
    "keywords": [
      "para",
      "ethereum",
      "amm"
    ],
    "scripts": {
      "prettier": "prettier --write **/*.sol",
      "migrate": "truffle migrate",
      "compile": "rm -r build && truffle compile",
      "coverage": "NETWORK_ID=1002 RPC_NODE_URI=http://127.0.0.1:6545 COVERAGE=true truffle run coverage",
      "test": "truffle compile && truffle test",
      "test_only": "truffle test",
      "deploy": "truffle migrate --network=$NETWORK --reset",
      "deploy_kovan": "NETWORK=kovan npm run deploy",
      "deploy_mainnet": "NETWORK=mainnet npm run deploy",
      "deploy_test": "NETWORK=development npm run deploy",
      "node": "ganache-cli --port 8545 -l 0x1fffffffffffff -i 5777 -g 1 --allowUnlimitedContractSize"
    },
    "dependencies": {
      "@types/chai": "^4.2.11",
      "@types/es6-promisify": "^6.0.0",
      "@types/mocha": "^7.0.2",
      "assert": "^2.0.0",
      "axios": "^0.20.0",
      "babel-cli": "^6.26.0",
      "babel-eslint": "^10.1.0",
      "bignumber.js": "^9.0.0",
      "chai": "^4.2.0",
      "chai-bignumber": "^3.0.0",
      "debug": "^4.1.1",
      "dotenv-flow": "^3.1.0",
      "es6-promisify": "^6.1.1",
      "ethereumjs-util": "^7.0.2",
      "ethers": "^4.0.48",
      "lodash": "^4.17.20",
      "mocha": "^7.2.0",
      "punycode": "^2.1.1",
      "solc": "0.6.9",
      "truffle-contract-size": "^2.0.1",
      "truffle-hdwallet-provider": "^1.0.17",
      "ts-node": "^8.10.2",
      "typescript": "^3.9.5",
      "web3": "^1.2.8",
      "web3-core-helpers": "^1.2.8",
      "web3-eth-contract": "^1.2.8"
    },
    "devDependencies": {
      "@truffle/hdwallet-provider": "^1.0.36",
      "ganache-cli": "^6.9.1",
      "prettier": "^2.0.5",
      "prettier-plugin-solidity": "^1.0.0-alpha.52",
      "solidity-coverage": "^0.7.7"
    }
  }

yarn manifest: 
  No manifest

Lockfile: 
  No lockfile
